2020-12-14 04:33:13.712  INFO 53828 --- [main] c.l.SpringBootWebsales2020Application    : Starting SpringBootWebsales2020Application on DESKTOP-3POJ5BP with PID 53828 (E:\spring-boot-websales-2020\target\classes started by trinh in E:\spring-boot-websales-2020)
2020-12-14 04:33:13.727  INFO 53828 --- [main] c.l.SpringBootWebsales2020Application    : No active profile set, falling back to default profiles: default
2020-12-14 04:33:15.676  INFO 53828 --- [main] .s.d.r.c.RepositoryConfigurationDelegate : Bootstrapping Spring Data repositories in DEFAULT mode.
2020-12-14 04:33:15.743  INFO 53828 --- [main] .s.d.r.c.RepositoryConfigurationDelegate : Finished Spring Data repository scanning in 51ms. Found 0 repository interfaces.
2020-12-14 04:33:16.160  INFO 53828 --- [main] trationDelegate$BeanPostProcessorChecker : Bean 'org.springframework.transaction.annotation.ProxyTransactionManagementConfiguration' of type [org.springframework.transaction.annotation.ProxyTransactionManagementConfiguration] is not eligible for getting processed by all BeanPostProcessors (for example: not eligible for auto-proxying)
2020-12-14 04:33:16.622  INFO 53828 --- [main] o.s.b.w.embedded.tomcat.TomcatWebServer  : Tomcat initialized with port(s): 8081 (http)
2020-12-14 04:33:16.653  INFO 53828 --- [main] o.apache.catalina.core.StandardService   : Starting service [Tomcat]
2020-12-14 04:33:16.654  INFO 53828 --- [main] org.apache.catalina.core.StandardEngine  : Starting Servlet engine: [Apache Tomcat/9.0.27]
2020-12-14 04:33:17.340  INFO 53828 --- [main] org.apache.jasper.servlet.TldScanner     : At least one JAR was scanned for TLDs yet contained no TLDs. Enable debug logging for this logger for a complete list of JARs that were scanned but no TLDs were found in them. Skipping unneeded JARs during scanning can improve startup time and JSP compilation time.
2020-12-14 04:33:17.363  INFO 53828 --- [main] o.a.c.c.C.[Tomcat].[localhost].[/]       : Initializing Spring embedded WebApplicationContext
2020-12-14 04:33:17.364  INFO 53828 --- [main] o.s.web.context.ContextLoader            : Root WebApplicationContext: initialization completed in 3507 ms
2020-12-14 04:33:17.913  INFO 53828 --- [main] org.hibernate.Version                    : HHH000412: Hibernate Core {5.4.8.Final}
2020-12-14 04:33:18.213  INFO 53828 --- [main] o.hibernate.annotations.common.Version   : HCANN000001: Hibernate Commons Annotations {5.1.0.Final}
2020-12-14 04:33:19.179  INFO 53828 --- [main] org.hibernate.dialect.Dialect            : HHH000400: Using dialect: org.hibernate.dialect.SQLServer2008Dialect
2020-12-14 04:33:20.731  INFO 53828 --- [main] o.h.e.t.j.p.i.JtaPlatformInitiator       : HHH000490: Using JtaPlatform implementation: [org.hibernate.engine.transaction.jta.platform.internal.NoJtaPlatform]
2020-12-14 04:33:21.703  INFO 53828 --- [main] org.apache.tiles.access.TilesAccess      : Publishing TilesContext for context: org.springframework.web.servlet.view.tiles3.SpringWildcardServletTilesApplicationContext
2020-12-14 04:33:21.878  INFO 53828 --- [main] o.s.s.concurrent.ThreadPoolTaskExecutor  : Initializing ExecutorService 'applicationTaskExecutor'
2020-12-14 04:33:22.015  INFO 53828 --- [main] o.s.b.a.w.s.WelcomePageHandlerMapping    : Adding welcome page template: index
2020-12-14 04:33:22.451  INFO 53828 --- [main] o.s.a.r.c.CachingConnectionFactory       : Attempting to connect to: [localhost:5672]
2020-12-14 04:33:22.757  INFO 53828 --- [main] o.s.a.r.c.CachingConnectionFactory       : Created new connection: rabbitConnectionFactory#6595ffce:0/SimpleConnection@6d658aa8 [delegate=amqp://guest@127.0.0.1:5672/, localPort= 63092]
2020-12-14 04:33:22.774  INFO 53828 --- [main] o.s.amqp.rabbit.core.RabbitAdmin         : Auto-declaring a non-durable, auto-delete, or exclusive Queue (websales_2020) durable:false, auto-delete:false, exclusive:false. It will be redeclared if the broker stops and is restarted while the connection factory is alive, but all messages will be lost.
2020-12-14 04:33:22.894  INFO 53828 --- [main] o.s.b.w.embedded.tomcat.TomcatWebServer  : Tomcat started on port(s): 8081 (http) with context path ''
2020-12-14 04:33:22.904  INFO 53828 --- [main] c.l.SpringBootWebsales2020Application    : Started SpringBootWebsales2020Application in 9.908 seconds (JVM running for 12.571)
2020-12-14 04:39:03.577  INFO 53828 --- [http-nio-8081-exec-1] o.a.c.c.C.[Tomcat].[localhost].[/]       : Initializing Spring DispatcherServlet 'dispatcherServlet'
2020-12-14 04:39:03.578  INFO 53828 --- [http-nio-8081-exec-1] o.s.web.servlet.DispatcherServlet        : Initializing Servlet 'dispatcherServlet'
2020-12-14 04:39:03.590  INFO 53828 --- [http-nio-8081-exec-1] o.s.web.servlet.DispatcherServlet        : Completed initialization in 11 ms
2020-12-14 04:39:05.463  WARN 53828 --- [http-nio-8081-exec-1] o.a.c.util.SessionIdGeneratorBase        : Creation of SecureRandom instance for session ID generation using [SHA1PRNG] took [613] milliseconds.
2020-12-14 04:58:44.790  INFO 53828 --- [RMI TCP Connection(7)-127.0.0.1] inMXBeanRegistrar$SpringApplicationAdmin : Application shutdown requested.
2020-12-14 04:58:44.803  INFO 53828 --- [RMI TCP Connection(7)-127.0.0.1] o.s.a.r.l.SimpleMessageListenerContainer : Waiting for workers to finish.
2020-12-14 04:58:45.388  INFO 53828 --- [RMI TCP Connection(7)-127.0.0.1] o.s.a.r.l.SimpleMessageListenerContainer : Successfully waited for workers to finish.
2020-12-14 04:58:45.397  INFO 53828 --- [RMI TCP Connection(7)-127.0.0.1] o.s.a.r.l.SimpleMessageListenerContainer : Shutdown ignored - container is not active already
2020-12-14 04:58:45.399  INFO 53828 --- [RMI TCP Connection(7)-127.0.0.1] o.s.s.concurrent.ThreadPoolTaskExecutor  : Shutting down ExecutorService 'applicationTaskExecutor'
2020-12-14 04:58:45.399  INFO 53828 --- [RMI TCP Connection(7)-127.0.0.1] org.apache.tiles.access.TilesAccess      : Removing TilesContext for context: org.springframework.web.servlet.view.tiles3.SpringWildcardServletTilesApplicationContext
2020-12-14 04:59:06.180  INFO 16760 --- [main] c.l.SpringBootWebsales2020Application    : Starting SpringBootWebsales2020Application on DESKTOP-3POJ5BP with PID 16760 (E:\spring-boot-websales-2020\target\classes started by trinh in E:\spring-boot-websales-2020)
2020-12-14 04:59:06.188  INFO 16760 --- [main] c.l.SpringBootWebsales2020Application    : No active profile set, falling back to default profiles: default
2020-12-14 04:59:07.705  INFO 16760 --- [main] .s.d.r.c.RepositoryConfigurationDelegate : Bootstrapping Spring Data repositories in DEFAULT mode.
2020-12-14 04:59:07.752  INFO 16760 --- [main] .s.d.r.c.RepositoryConfigurationDelegate : Finished Spring Data repository scanning in 37ms. Found 0 repository interfaces.
2020-12-14 04:59:08.091  INFO 16760 --- [main] trationDelegate$BeanPostProcessorChecker : Bean 'org.springframework.transaction.annotation.ProxyTransactionManagementConfiguration' of type [org.springframework.transaction.annotation.ProxyTransactionManagementConfiguration] is not eligible for getting processed by all BeanPostProcessors (for example: not eligible for auto-proxying)
2020-12-14 04:59:08.526  INFO 16760 --- [main] o.s.b.w.embedded.tomcat.TomcatWebServer  : Tomcat initialized with port(s): 8081 (http)
2020-12-14 04:59:08.543  INFO 16760 --- [main] o.apache.catalina.core.StandardService   : Starting service [Tomcat]
2020-12-14 04:59:08.543  INFO 16760 --- [main] org.apache.catalina.core.StandardEngine  : Starting Servlet engine: [Apache Tomcat/9.0.27]
2020-12-14 04:59:09.081  INFO 16760 --- [main] org.apache.jasper.servlet.TldScanner     : At least one JAR was scanned for TLDs yet contained no TLDs. Enable debug logging for this logger for a complete list of JARs that were scanned but no TLDs were found in them. Skipping unneeded JARs during scanning can improve startup time and JSP compilation time.
2020-12-14 04:59:09.097  INFO 16760 --- [main] o.a.c.c.C.[Tomcat].[localhost].[/]       : Initializing Spring embedded WebApplicationContext
2020-12-14 04:59:09.097  INFO 16760 --- [main] o.s.web.context.ContextLoader            : Root WebApplicationContext: initialization completed in 2851 ms
2020-12-14 04:59:09.451  INFO 16760 --- [main] org.hibernate.Version                    : HHH000412: Hibernate Core {5.4.8.Final}
2020-12-14 04:59:09.660  INFO 16760 --- [main] o.hibernate.annotations.common.Version   : HCANN000001: Hibernate Commons Annotations {5.1.0.Final}
2020-12-14 04:59:10.170  INFO 16760 --- [main] org.hibernate.dialect.Dialect            : HHH000400: Using dialect: org.hibernate.dialect.SQLServer2008Dialect
2020-12-14 04:59:11.312  INFO 16760 --- [main] o.h.e.t.j.p.i.JtaPlatformInitiator       : HHH000490: Using JtaPlatform implementation: [org.hibernate.engine.transaction.jta.platform.internal.NoJtaPlatform]
2020-12-14 04:59:12.029  INFO 16760 --- [main] org.apache.tiles.access.TilesAccess      : Publishing TilesContext for context: org.springframework.web.servlet.view.tiles3.SpringWildcardServletTilesApplicationContext
2020-12-14 04:59:12.181  INFO 16760 --- [main] o.s.s.concurrent.ThreadPoolTaskExecutor  : Initializing ExecutorService 'applicationTaskExecutor'
2020-12-14 04:59:12.292  INFO 16760 --- [main] o.s.b.a.w.s.WelcomePageHandlerMapping    : Adding welcome page template: index
2020-12-14 04:59:12.633  INFO 16760 --- [main] o.s.a.r.c.CachingConnectionFactory       : Attempting to connect to: [localhost:5672]
2020-12-14 04:59:12.675  INFO 16760 --- [main] o.s.a.r.c.CachingConnectionFactory       : Created new connection: rabbitConnectionFactory#3c62f69a:0/SimpleConnection@37d3e740 [delegate=amqp://guest@127.0.0.1:5672/, localPort= 63548]
2020-12-14 04:59:12.697  INFO 16760 --- [main] o.s.amqp.rabbit.core.RabbitAdmin         : Auto-declaring a non-durable, auto-delete, or exclusive Queue (websales_2020) durable:false, auto-delete:false, exclusive:false. It will be redeclared if the broker stops and is restarted while the connection factory is alive, but all messages will be lost.
2020-12-14 04:59:12.807  INFO 16760 --- [main] o.s.b.w.embedded.tomcat.TomcatWebServer  : Tomcat started on port(s): 8081 (http) with context path ''
2020-12-14 04:59:12.813  INFO 16760 --- [main] c.l.SpringBootWebsales2020Application    : Started SpringBootWebsales2020Application in 7.13 seconds (JVM running for 9.219)
2020-12-14 04:59:37.629  INFO 16760 --- [http-nio-8081-exec-1] o.a.c.c.C.[Tomcat].[localhost].[/]       : Initializing Spring DispatcherServlet 'dispatcherServlet'
2020-12-14 04:59:37.630  INFO 16760 --- [http-nio-8081-exec-1] o.s.web.servlet.DispatcherServlet        : Initializing Servlet 'dispatcherServlet'
2020-12-14 04:59:37.641  INFO 16760 --- [http-nio-8081-exec-1] o.s.web.servlet.DispatcherServlet        : Completed initialization in 11 ms
2020-12-14 04:59:38.918  WARN 16760 --- [http-nio-8081-exec-1] o.a.c.util.SessionIdGeneratorBase        : Creation of SecureRandom instance for session ID generation using [SHA1PRNG] took [505] milliseconds.
2020-12-14 07:28:00.545  INFO 16760 --- [RMI TCP Connection(12)-127.0.0.1] inMXBeanRegistrar$SpringApplicationAdmin : Application shutdown requested.
2020-12-14 07:28:00.558  INFO 16760 --- [RMI TCP Connection(12)-127.0.0.1] o.s.a.r.l.SimpleMessageListenerContainer : Waiting for workers to finish.
2020-12-14 07:28:01.072  INFO 16760 --- [RMI TCP Connection(12)-127.0.0.1] o.s.a.r.l.SimpleMessageListenerContainer : Successfully waited for workers to finish.
2020-12-14 07:28:01.082  INFO 16760 --- [RMI TCP Connection(12)-127.0.0.1] o.s.a.r.l.SimpleMessageListenerContainer : Shutdown ignored - container is not active already
2020-12-14 07:28:01.083  INFO 16760 --- [RMI TCP Connection(12)-127.0.0.1] o.s.s.concurrent.ThreadPoolTaskExecutor  : Shutting down ExecutorService 'applicationTaskExecutor'
2020-12-14 07:28:01.084  INFO 16760 --- [RMI TCP Connection(12)-127.0.0.1] org.apache.tiles.access.TilesAccess      : Removing TilesContext for context: org.springframework.web.servlet.view.tiles3.SpringWildcardServletTilesApplicationContext
2020-12-14 07:44:55.960  INFO 21144 --- [main] c.l.SpringBootWebsales2020Application    : Starting SpringBootWebsales2020Application on DESKTOP-3POJ5BP with PID 21144 (E:\spring-boot-websales-2020\target\classes started by trinh in E:\spring-boot-websales-2020)
2020-12-14 07:44:55.965  INFO 21144 --- [main] c.l.SpringBootWebsales2020Application    : No active profile set, falling back to default profiles: default
2020-12-14 07:44:57.091  INFO 21144 --- [main] .s.d.r.c.RepositoryConfigurationDelegate : Bootstrapping Spring Data repositories in DEFAULT mode.
2020-12-14 07:44:57.139  INFO 21144 --- [main] .s.d.r.c.RepositoryConfigurationDelegate : Finished Spring Data repository scanning in 35ms. Found 0 repository interfaces.
2020-12-14 07:44:57.482  INFO 21144 --- [main] trationDelegate$BeanPostProcessorChecker : Bean 'org.springframework.transaction.annotation.ProxyTransactionManagementConfiguration' of type [org.springframework.transaction.annotation.ProxyTransactionManagementConfiguration] is not eligible for getting processed by all BeanPostProcessors (for example: not eligible for auto-proxying)
2020-12-14 07:44:57.790  INFO 21144 --- [main] o.s.b.w.embedded.tomcat.TomcatWebServer  : Tomcat initialized with port(s): 8081 (http)
2020-12-14 07:44:57.807  INFO 21144 --- [main] o.apache.catalina.core.StandardService   : Starting service [Tomcat]
2020-12-14 07:44:57.808  INFO 21144 --- [main] org.apache.catalina.core.StandardEngine  : Starting Servlet engine: [Apache Tomcat/9.0.27]
2020-12-14 07:44:58.259  INFO 21144 --- [main] org.apache.jasper.servlet.TldScanner     : At least one JAR was scanned for TLDs yet contained no TLDs. Enable debug logging for this logger for a complete list of JARs that were scanned but no TLDs were found in them. Skipping unneeded JARs during scanning can improve startup time and JSP compilation time.
2020-12-14 07:44:58.275  INFO 21144 --- [main] o.a.c.c.C.[Tomcat].[localhost].[/]       : Initializing Spring embedded WebApplicationContext
2020-12-14 07:44:58.275  INFO 21144 --- [main] o.s.web.context.ContextLoader            : Root WebApplicationContext: initialization completed in 2231 ms
2020-12-14 07:44:58.603  INFO 21144 --- [main] org.hibernate.Version                    : HHH000412: Hibernate Core {5.4.8.Final}
2020-12-14 07:44:58.799  INFO 21144 --- [main] o.hibernate.annotations.common.Version   : HCANN000001: Hibernate Commons Annotations {5.1.0.Final}
2020-12-14 07:44:59.244  INFO 21144 --- [main] org.hibernate.dialect.Dialect            : HHH000400: Using dialect: org.hibernate.dialect.SQLServer2008Dialect
2020-12-14 07:45:00.388  INFO 21144 --- [main] o.h.e.t.j.p.i.JtaPlatformInitiator       : HHH000490: Using JtaPlatform implementation: [org.hibernate.engine.transaction.jta.platform.internal.NoJtaPlatform]
2020-12-14 07:45:01.071  INFO 21144 --- [main] org.apache.tiles.access.TilesAccess      : Publishing TilesContext for context: org.springframework.web.servlet.view.tiles3.SpringWildcardServletTilesApplicationContext
2020-12-14 07:45:01.233  INFO 21144 --- [main] o.s.s.concurrent.ThreadPoolTaskExecutor  : Initializing ExecutorService 'applicationTaskExecutor'
2020-12-14 07:45:01.321  INFO 21144 --- [main] o.s.b.a.w.s.WelcomePageHandlerMapping    : Adding welcome page template: index
2020-12-14 07:45:01.630  INFO 21144 --- [main] o.s.a.r.c.CachingConnectionFactory       : Attempting to connect to: [localhost:5672]
2020-12-14 07:45:05.648  INFO 21144 --- [main] o.s.a.r.l.SimpleMessageListenerContainer : Broker not available; cannot force queue declarations during start: java.net.ConnectException: Connection refused: connect
2020-12-14 07:45:05.666  INFO 21144 --- [org.springframework.amqp.rabbit.RabbitListenerEndpointContainer#0-1] o.s.a.r.c.CachingConnectionFactory       : Attempting to connect to: [localhost:5672]
2020-12-14 07:45:09.703 ERROR 21144 --- [org.springframework.amqp.rabbit.RabbitListenerEndpointContainer#0-1] o.s.a.r.l.SimpleMessageListenerContainer : Failed to check/redeclare auto-delete queue(s).

org.springframework.amqp.AmqpConnectException: java.net.ConnectException: Connection refused: connect
	at org.springframework.amqp.rabbit.support.RabbitExceptionTranslator.convertRabbitAccessException(RabbitExceptionTranslator.java:62) ~[spring-rabbit-2.2.1.RELEASE.jar:2.2.1.RELEASE]
	at org.springframework.amqp.rabbit.connection.AbstractConnectionFactory.createBareConnection(AbstractConnectionFactory.java:510) ~[spring-rabbit-2.2.1.RELEASE.jar:2.2.1.RELEASE]
	at org.springframework.amqp.rabbit.connection.CachingConnectionFactory.createConnection(CachingConnectionFactory.java:751) ~[spring-rabbit-2.2.1.RELEASE.jar:2.2.1.RELEASE]
	at org.springframework.amqp.rabbit.connection.ConnectionFactoryUtils.createConnection(ConnectionFactoryUtils.java:215) ~[spring-rabbit-2.2.1.RELEASE.jar:2.2.1.RELEASE]
	at org.springframework.amqp.rabbit.core.RabbitTemplate.doExecute(RabbitTemplate.java:2085) ~[spring-rabbit-2.2.1.RELEASE.jar:2.2.1.RELEASE]
	at org.springframework.amqp.rabbit.core.RabbitTemplate.execute(RabbitTemplate.java:2058) ~[spring-rabbit-2.2.1.RELEASE.jar:2.2.1.RELEASE]
	at org.springframework.amqp.rabbit.core.RabbitTemplate.execute(RabbitTemplate.java:2038) ~[spring-rabbit-2.2.1.RELEASE.jar:2.2.1.RELEASE]
	at org.springframework.amqp.rabbit.core.RabbitAdmin.getQueueInfo(RabbitAdmin.java:405) ~[spring-rabbit-2.2.1.RELEASE.jar:2.2.1.RELEASE]
	at org.springframework.amqp.rabbit.core.RabbitAdmin.getQueueProperties(RabbitAdmin.java:389) ~[spring-rabbit-2.2.1.RELEASE.jar:2.2.1.RELEASE]
	at org.springframework.amqp.rabbit.listener.AbstractMessageListenerContainer.attemptDeclarations(AbstractMessageListenerContainer.java:1820) ~[spring-rabbit-2.2.1.RELEASE.jar:2.2.1.RELEASE]
	at org.springframework.amqp.rabbit.listener.AbstractMessageListenerContainer.redeclareElementsIfNecessary(AbstractMessageListenerContainer.java:1801) ~[spring-rabbit-2.2.1.RELEASE.jar:2.2.1.RELEASE]
	at org.springframework.amqp.rabbit.listener.SimpleMessageListenerContainer$AsyncMessageProcessingConsumer.initialize(SimpleMessageListenerContainer.java:1337) ~[spring-rabbit-2.2.1.RELEASE.jar:2.2.1.RELEASE]
	at org.springframework.amqp.rabbit.listener.SimpleMessageListenerContainer$AsyncMessageProcessingConsumer.run(SimpleMessageListenerContainer.java:1183) ~[spring-rabbit-2.2.1.RELEASE.jar:2.2.1.RELEASE]
	at java.base/java.lang.Thread.run(Thread.java:834) ~[na:na]
Caused by: java.net.ConnectException: Connection refused: connect
	at java.base/java.net.PlainSocketImpl.waitForConnect(Native Method) ~[na:na]
	at java.base/java.net.PlainSocketImpl.socketConnect(PlainSocketImpl.java:107) ~[na:na]
	at java.base/java.net.AbstractPlainSocketImpl.doConnect(AbstractPlainSocketImpl.java:399) ~[na:na]
	at java.base/java.net.AbstractPlainSocketImpl.connectToAddress(AbstractPlainSocketImpl.java:242) ~[na:na]
	at java.base/java.net.AbstractPlainSocketImpl.connect(AbstractPlainSocketImpl.java:224) ~[na:na]
	at java.base/java.net.SocksSocketImpl.connect(SocksSocketImpl.java:403) ~[na:na]
	at java.base/java.net.Socket.connect(Socket.java:608) ~[na:na]
	at com.rabbitmq.client.impl.SocketFrameHandlerFactory.create(SocketFrameHandlerFactory.java:60) ~[amqp-client-5.7.3.jar:5.7.3]
	at com.rabbitmq.client.ConnectionFactory.newConnection(ConnectionFactory.java:1113) ~[amqp-client-5.7.3.jar:5.7.3]
	at com.rabbitmq.client.ConnectionFactory.newConnection(ConnectionFactory.java:1063) ~[amqp-client-5.7.3.jar:5.7.3]
	at org.springframework.amqp.rabbit.connection.AbstractConnectionFactory.connect(AbstractConnectionFactory.java:526) ~[spring-rabbit-2.2.1.RELEASE.jar:2.2.1.RELEASE]
	at org.springframework.amqp.rabbit.connection.AbstractConnectionFactory.createBareConnection(AbstractConnectionFactory.java:473) ~[spring-rabbit-2.2.1.RELEASE.jar:2.2.1.RELEASE]
	... 12 common frames omitted

2020-12-14 07:45:09.713  INFO 21144 --- [org.springframework.amqp.rabbit.RabbitListenerEndpointContainer#0-1] o.s.a.r.c.CachingConnectionFactory       : Attempting to connect to: [localhost:5672]
2020-12-14 07:45:13.785  INFO 21144 --- [main] o.s.b.w.embedded.tomcat.TomcatWebServer  : Tomcat started on port(s): 8081 (http) with context path ''
2020-12-14 07:45:13.790  INFO 21144 --- [main] c.l.SpringBootWebsales2020Application    : Started SpringBootWebsales2020Application in 18.405 seconds (JVM running for 20.042)
2020-12-14 07:45:18.772  WARN 21144 --- [org.springframework.amqp.rabbit.RabbitListenerEndpointContainer#0-1] o.s.a.r.l.SimpleMessageListenerContainer : Consumer raised exception, processing can restart if the connection factory supports it. Exception summary: org.springframework.amqp.AmqpConnectException: java.net.ConnectException: Connection refused: connect
2020-12-14 07:45:18.804  INFO 21144 --- [org.springframework.amqp.rabbit.RabbitListenerEndpointContainer#0-1] o.s.a.r.l.SimpleMessageListenerContainer : Restarting Consumer@3662c887: tags=[[]], channel=null, acknowledgeMode=AUTO local queue size=0
2020-12-14 07:45:18.836  INFO 21144 --- [org.springframework.amqp.rabbit.RabbitListenerEndpointContainer#0-2] o.s.a.r.c.CachingConnectionFactory       : Attempting to connect to: [localhost:5672]
2020-12-14 07:45:22.863 ERROR 21144 --- [org.springframework.amqp.rabbit.RabbitListenerEndpointContainer#0-2] o.s.a.r.l.SimpleMessageListenerContainer : Failed to check/redeclare auto-delete queue(s).

org.springframework.amqp.AmqpConnectException: java.net.ConnectException: Connection refused: connect
	at org.springframework.amqp.rabbit.support.RabbitExceptionTranslator.convertRabbitAccessException(RabbitExceptionTranslator.java:62) ~[spring-rabbit-2.2.1.RELEASE.jar:2.2.1.RELEASE]
	at org.springframework.amqp.rabbit.connection.AbstractConnectionFactory.createBareConnection(AbstractConnectionFactory.java:510) ~[spring-rabbit-2.2.1.RELEASE.jar:2.2.1.RELEASE]
	at org.springframework.amqp.rabbit.connection.CachingConnectionFactory.createConnection(CachingConnectionFactory.java:751) ~[spring-rabbit-2.2.1.RELEASE.jar:2.2.1.RELEASE]
	at org.springframework.amqp.rabbit.connection.ConnectionFactoryUtils.createConnection(ConnectionFactoryUtils.java:215) ~[spring-rabbit-2.2.1.RELEASE.jar:2.2.1.RELEASE]
	at org.springframework.amqp.rabbit.core.RabbitTemplate.doExecute(RabbitTemplate.java:2085) ~[spring-rabbit-2.2.1.RELEASE.jar:2.2.1.RELEASE]
	at org.springframework.amqp.rabbit.core.RabbitTemplate.execute(RabbitTemplate.java:2058) ~[spring-rabbit-2.2.1.RELEASE.jar:2.2.1.RELEASE]
	at org.springframework.amqp.rabbit.core.RabbitTemplate.execute(RabbitTemplate.java:2038) ~[spring-rabbit-2.2.1.RELEASE.jar:2.2.1.RELEASE]
	at org.springframework.amqp.rabbit.core.RabbitAdmin.getQueueInfo(RabbitAdmin.java:405) ~[spring-rabbit-2.2.1.RELEASE.jar:2.2.1.RELEASE]
	at org.springframework.amqp.rabbit.core.RabbitAdmin.getQueueProperties(RabbitAdmin.java:389) ~[spring-rabbit-2.2.1.RELEASE.jar:2.2.1.RELEASE]
	at org.springframework.amqp.rabbit.listener.AbstractMessageListenerContainer.attemptDeclarations(AbstractMessageListenerContainer.java:1820) ~[spring-rabbit-2.2.1.RELEASE.jar:2.2.1.RELEASE]
	at org.springframework.amqp.rabbit.listener.AbstractMessageListenerContainer.redeclareElementsIfNecessary(AbstractMessageListenerContainer.java:1801) ~[spring-rabbit-2.2.1.RELEASE.jar:2.2.1.RELEASE]
	at org.springframework.amqp.rabbit.listener.SimpleMessageListenerContainer$AsyncMessageProcessingConsumer.initialize(SimpleMessageListenerContainer.java:1337) ~[spring-rabbit-2.2.1.RELEASE.jar:2.2.1.RELEASE]
	at org.springframework.amqp.rabbit.listener.SimpleMessageListenerContainer$AsyncMessageProcessingConsumer.run(SimpleMessageListenerContainer.java:1183) ~[spring-rabbit-2.2.1.RELEASE.jar:2.2.1.RELEASE]
	at java.base/java.lang.Thread.run(Thread.java:834) ~[na:na]
Caused by: java.net.ConnectException: Connection refused: connect
	at java.base/java.net.PlainSocketImpl.waitForConnect(Native Method) ~[na:na]
	at java.base/java.net.PlainSocketImpl.socketConnect(PlainSocketImpl.java:107) ~[na:na]
	at java.base/java.net.AbstractPlainSocketImpl.doConnect(AbstractPlainSocketImpl.java:399) ~[na:na]
	at java.base/java.net.AbstractPlainSocketImpl.connectToAddress(AbstractPlainSocketImpl.java:242) ~[na:na]
	at java.base/java.net.AbstractPlainSocketImpl.connect(AbstractPlainSocketImpl.java:224) ~[na:na]
	at java.base/java.net.SocksSocketImpl.connect(SocksSocketImpl.java:403) ~[na:na]
	at java.base/java.net.Socket.connect(Socket.java:608) ~[na:na]
	at com.rabbitmq.client.impl.SocketFrameHandlerFactory.create(SocketFrameHandlerFactory.java:60) ~[amqp-client-5.7.3.jar:5.7.3]
	at com.rabbitmq.client.ConnectionFactory.newConnection(ConnectionFactory.java:1113) ~[amqp-client-5.7.3.jar:5.7.3]
	at com.rabbitmq.client.ConnectionFactory.newConnection(ConnectionFactory.java:1063) ~[amqp-client-5.7.3.jar:5.7.3]
	at org.springframework.amqp.rabbit.connection.AbstractConnectionFactory.connect(AbstractConnectionFactory.java:526) ~[spring-rabbit-2.2.1.RELEASE.jar:2.2.1.RELEASE]
	at org.springframework.amqp.rabbit.connection.AbstractConnectionFactory.createBareConnection(AbstractConnectionFactory.java:473) ~[spring-rabbit-2.2.1.RELEASE.jar:2.2.1.RELEASE]
	... 12 common frames omitted

2020-12-14 07:45:22.864  INFO 21144 --- [org.springframework.amqp.rabbit.RabbitListenerEndpointContainer#0-2] o.s.a.r.c.CachingConnectionFactory       : Attempting to connect to: [localhost:5672]
2020-12-14 07:45:31.935  INFO 21144 --- [org.springframework.amqp.rabbit.RabbitListenerEndpointContainer#0-2] o.s.a.r.l.SimpleMessageListenerContainer : Restarting Consumer@14e49810: tags=[[]], channel=null, acknowledgeMode=AUTO local queue size=0
2020-12-14 07:45:31.936  INFO 21144 --- [org.springframework.amqp.rabbit.RabbitListenerEndpointContainer#0-3] o.s.a.r.c.CachingConnectionFactory       : Attempting to connect to: [localhost:5672]
2020-12-14 07:45:31.949 ERROR 21144 --- [org.springframework.amqp.rabbit.RabbitListenerEndpointContainer#0-3] o.s.a.r.l.SimpleMessageListenerContainer : Failed to check/redeclare auto-delete queue(s).

org.springframework.amqp.AmqpIOException: java.io.IOException
	at org.springframework.amqp.rabbit.support.RabbitExceptionTranslator.convertRabbitAccessException(RabbitExceptionTranslator.java:71) ~[spring-rabbit-2.2.1.RELEASE.jar:2.2.1.RELEASE]
	at org.springframework.amqp.rabbit.connection.AbstractConnectionFactory.createBareConnection(AbstractConnectionFactory.java:510) ~[spring-rabbit-2.2.1.RELEASE.jar:2.2.1.RELEASE]
	at org.springframework.amqp.rabbit.connection.CachingConnectionFactory.createConnection(CachingConnectionFactory.java:751) ~[spring-rabbit-2.2.1.RELEASE.jar:2.2.1.RELEASE]
	at org.springframework.amqp.rabbit.connection.ConnectionFactoryUtils.createConnection(ConnectionFactoryUtils.java:215) ~[spring-rabbit-2.2.1.RELEASE.jar:2.2.1.RELEASE]
	at org.springframework.amqp.rabbit.core.RabbitTemplate.doExecute(RabbitTemplate.java:2085) ~[spring-rabbit-2.2.1.RELEASE.jar:2.2.1.RELEASE]
	at org.springframework.amqp.rabbit.core.RabbitTemplate.execute(RabbitTemplate.java:2058) ~[spring-rabbit-2.2.1.RELEASE.jar:2.2.1.RELEASE]
	at org.springframework.amqp.rabbit.core.RabbitTemplate.execute(RabbitTemplate.java:2038) ~[spring-rabbit-2.2.1.RELEASE.jar:2.2.1.RELEASE]
	at org.springframework.amqp.rabbit.core.RabbitAdmin.getQueueInfo(RabbitAdmin.java:405) ~[spring-rabbit-2.2.1.RELEASE.jar:2.2.1.RELEASE]
	at org.springframework.amqp.rabbit.core.RabbitAdmin.getQueueProperties(RabbitAdmin.java:389) ~[spring-rabbit-2.2.1.RELEASE.jar:2.2.1.RELEASE]
	at org.springframework.amqp.rabbit.listener.AbstractMessageListenerContainer.attemptDeclarations(AbstractMessageListenerContainer.java:1820) ~[spring-rabbit-2.2.1.RELEASE.jar:2.2.1.RELEASE]
	at org.springframework.amqp.rabbit.listener.AbstractMessageListenerContainer.redeclareElementsIfNecessary(AbstractMessageListenerContainer.java:1801) ~[spring-rabbit-2.2.1.RELEASE.jar:2.2.1.RELEASE]
	at org.springframework.amqp.rabbit.listener.SimpleMessageListenerContainer$AsyncMessageProcessingConsumer.initialize(SimpleMessageListenerContainer.java:1337) ~[spring-rabbit-2.2.1.RELEASE.jar:2.2.1.RELEASE]
	at org.springframework.amqp.rabbit.listener.SimpleMessageListenerContainer$AsyncMessageProcessingConsumer.run(SimpleMessageListenerContainer.java:1183) ~[spring-rabbit-2.2.1.RELEASE.jar:2.2.1.RELEASE]
	at java.base/java.lang.Thread.run(Thread.java:834) ~[na:na]
Caused by: java.io.IOException: null
	at com.rabbitmq.client.impl.AMQChannel.wrap(AMQChannel.java:129) ~[amqp-client-5.7.3.jar:5.7.3]
	at com.rabbitmq.client.impl.AMQChannel.wrap(AMQChannel.java:125) ~[amqp-client-5.7.3.jar:5.7.3]
	at com.rabbitmq.client.impl.AMQConnection.start(AMQConnection.java:375) ~[amqp-client-5.7.3.jar:5.7.3]
	at com.rabbitmq.client.ConnectionFactory.newConnection(ConnectionFactory.java:1115) ~[amqp-client-5.7.3.jar:5.7.3]
	at com.rabbitmq.client.ConnectionFactory.newConnection(ConnectionFactory.java:1063) ~[amqp-client-5.7.3.jar:5.7.3]
	at org.springframework.amqp.rabbit.connection.AbstractConnectionFactory.connect(AbstractConnectionFactory.java:526) ~[spring-rabbit-2.2.1.RELEASE.jar:2.2.1.RELEASE]
	at org.springframework.amqp.rabbit.connection.AbstractConnectionFactory.createBareConnection(AbstractConnectionFactory.java:473) ~[spring-rabbit-2.2.1.RELEASE.jar:2.2.1.RELEASE]
	... 12 common frames omitted
Caused by: com.rabbitmq.client.ShutdownSignalException: connection error
	at com.rabbitmq.utility.ValueOrException.getValue(ValueOrException.java:66) ~[amqp-client-5.7.3.jar:5.7.3]
	at com.rabbitmq.utility.BlockingValueOrException.uninterruptibleGetValue(BlockingValueOrException.java:36) ~[amqp-client-5.7.3.jar:5.7.3]
	at com.rabbitmq.client.impl.AMQChannel$BlockingRpcContinuation.getReply(AMQChannel.java:502) ~[amqp-client-5.7.3.jar:5.7.3]
	at com.rabbitmq.client.impl.AMQConnection.start(AMQConnection.java:317) ~[amqp-client-5.7.3.jar:5.7.3]
	... 16 common frames omitted
Caused by: java.io.EOFException: null
	at java.base/java.io.DataInputStream.readUnsignedByte(DataInputStream.java:295) ~[na:na]
	at com.rabbitmq.client.impl.Frame.readFrom(Frame.java:91) ~[amqp-client-5.7.3.jar:5.7.3]
	at com.rabbitmq.client.impl.SocketFrameHandler.readFrame(SocketFrameHandler.java:184) ~[amqp-client-5.7.3.jar:5.7.3]
	at com.rabbitmq.client.impl.AMQConnection$MainLoop.run(AMQConnection.java:598) ~[amqp-client-5.7.3.jar:5.7.3]
	... 1 common frames omitted

2020-12-14 07:45:31.950  INFO 21144 --- [org.springframework.amqp.rabbit.RabbitListenerEndpointContainer#0-3] o.s.a.r.c.CachingConnectionFactory       : Attempting to connect to: [localhost:5672]
2020-12-14 07:45:36.967  INFO 21144 --- [org.springframework.amqp.rabbit.RabbitListenerEndpointContainer#0-3] o.s.a.r.l.SimpleMessageListenerContainer : Restarting Consumer@5e632fa5: tags=[[]], channel=null, acknowledgeMode=AUTO local queue size=0
2020-12-14 07:45:36.990  INFO 21144 --- [org.springframework.amqp.rabbit.RabbitListenerEndpointContainer#0-4] o.s.a.r.c.CachingConnectionFactory       : Attempting to connect to: [localhost:5672]
2020-12-14 07:45:37.088  INFO 21144 --- [org.springframework.amqp.rabbit.RabbitListenerEndpointContainer#0-4] o.s.a.r.c.CachingConnectionFactory       : Created new connection: rabbitConnectionFactory#64508788:7/SimpleConnection@6dd203ad [delegate=amqp://guest@127.0.0.1:5672/, localPort= 65183]
2020-12-14 07:45:37.178  INFO 21144 --- [org.springframework.amqp.rabbit.RabbitListenerEndpointContainer#0-4] o.s.amqp.rabbit.core.RabbitAdmin         : Auto-declaring a non-durable, auto-delete, or exclusive Queue (websales_2020) durable:false, auto-delete:false, exclusive:false. It will be redeclared if the broker stops and is restarted while the connection factory is alive, but all messages will be lost.
2020-12-14 07:46:52.629  INFO 22968 --- [main] c.l.SpringBootWebsales2020Application    : Starting SpringBootWebsales2020Application on DESKTOP-3POJ5BP with PID 22968 (E:\spring-boot-websales-2020\target\classes started by trinh in E:\spring-boot-websales-2020)
2020-12-14 07:46:52.634  INFO 22968 --- [main] c.l.SpringBootWebsales2020Application    : No active profile set, falling back to default profiles: default
2020-12-14 07:46:54.249  INFO 22968 --- [main] .s.d.r.c.RepositoryConfigurationDelegate : Bootstrapping Spring Data repositories in DEFAULT mode.
2020-12-14 07:46:54.296  INFO 22968 --- [main] .s.d.r.c.RepositoryConfigurationDelegate : Finished Spring Data repository scanning in 35ms. Found 0 repository interfaces.
2020-12-14 07:46:54.603  INFO 22968 --- [main] trationDelegate$BeanPostProcessorChecker : Bean 'org.springframework.transaction.annotation.ProxyTransactionManagementConfiguration' of type [org.springframework.transaction.annotation.ProxyTransactionManagementConfiguration] is not eligible for getting processed by all BeanPostProcessors (for example: not eligible for auto-proxying)
2020-12-14 07:46:54.995  INFO 22968 --- [main] o.s.b.w.embedded.tomcat.TomcatWebServer  : Tomcat initialized with port(s): 8081 (http)
2020-12-14 07:46:55.014  INFO 22968 --- [main] o.apache.catalina.core.StandardService   : Starting service [Tomcat]
2020-12-14 07:46:55.014  INFO 22968 --- [main] org.apache.catalina.core.StandardEngine  : Starting Servlet engine: [Apache Tomcat/9.0.27]
2020-12-14 07:46:55.547  INFO 22968 --- [main] org.apache.jasper.servlet.TldScanner     : At least one JAR was scanned for TLDs yet contained no TLDs. Enable debug logging for this logger for a complete list of JARs that were scanned but no TLDs were found in them. Skipping unneeded JARs during scanning can improve startup time and JSP compilation time.
2020-12-14 07:46:55.563  INFO 22968 --- [main] o.a.c.c.C.[Tomcat].[localhost].[/]       : Initializing Spring embedded WebApplicationContext
2020-12-14 07:46:55.564  INFO 22968 --- [main] o.s.web.context.ContextLoader            : Root WebApplicationContext: initialization completed in 2856 ms
2020-12-14 07:46:55.950  INFO 22968 --- [main] org.hibernate.Version                    : HHH000412: Hibernate Core {5.4.8.Final}
2020-12-14 07:46:56.167  INFO 22968 --- [main] o.hibernate.annotations.common.Version   : HCANN000001: Hibernate Commons Annotations {5.1.0.Final}
2020-12-14 07:46:56.670  INFO 22968 --- [main] org.hibernate.dialect.Dialect            : HHH000400: Using dialect: org.hibernate.dialect.SQLServer2008Dialect
2020-12-14 07:46:57.949  INFO 22968 --- [main] o.h.e.t.j.p.i.JtaPlatformInitiator       : HHH000490: Using JtaPlatform implementation: [org.hibernate.engine.transaction.jta.platform.internal.NoJtaPlatform]
2020-12-14 07:46:58.703  INFO 22968 --- [main] org.apache.tiles.access.TilesAccess      : Publishing TilesContext for context: org.springframework.web.servlet.view.tiles3.SpringWildcardServletTilesApplicationContext
2020-12-14 07:46:58.921  INFO 22968 --- [main] o.s.s.concurrent.ThreadPoolTaskExecutor  : Initializing ExecutorService 'applicationTaskExecutor'
2020-12-14 07:46:59.016  INFO 22968 --- [main] o.s.b.a.w.s.WelcomePageHandlerMapping    : Adding welcome page template: index
2020-12-14 07:46:59.374  INFO 22968 --- [main] o.s.a.r.c.CachingConnectionFactory       : Attempting to connect to: [localhost:5672]
2020-12-14 07:46:59.430  INFO 22968 --- [main] o.s.a.r.c.CachingConnectionFactory       : Created new connection: rabbitConnectionFactory#1786150f:0/SimpleConnection@7e615c6a [delegate=amqp://guest@127.0.0.1:5672/, localPort= 65213]
2020-12-14 07:46:59.451  INFO 22968 --- [main] o.s.amqp.rabbit.core.RabbitAdmin         : Auto-declaring a non-durable, auto-delete, or exclusive Queue (websales_2020) durable:false, auto-delete:false, exclusive:false. It will be redeclared if the broker stops and is restarted while the connection factory is alive, but all messages will be lost.
2020-12-14 07:46:59.555  INFO 22968 --- [main] o.apache.catalina.core.StandardService   : Stopping service [Tomcat]
2020-12-14 07:46:59.566  INFO 22968 --- [main] ConditionEvaluationReportLoggingListener : 

Error starting ApplicationContext. To display the conditions report re-run your application with 'debug' enabled.
2020-12-14 07:46:59.572 ERROR 22968 --- [main] o.s.b.d.LoggingFailureAnalysisReporter   : 

***************************
APPLICATION FAILED TO START
***************************

Description:

Web server failed to start. Port 8081 was already in use.

Action:

Identify and stop the process that's listening on port 8081 or configure this application to listen on another port.

2020-12-14 07:46:59.582  INFO 22968 --- [main] o.s.a.r.l.SimpleMessageListenerContainer : Waiting for workers to finish.
2020-12-14 07:47:00.650  INFO 22968 --- [main] o.s.a.r.l.SimpleMessageListenerContainer : Successfully waited for workers to finish.
2020-12-14 07:47:00.684  INFO 22968 --- [main] o.s.a.r.l.SimpleMessageListenerContainer : Shutdown ignored - container is not active already
2020-12-14 07:47:00.686  INFO 22968 --- [main] o.s.s.concurrent.ThreadPoolTaskExecutor  : Shutting down ExecutorService 'applicationTaskExecutor'
2020-12-14 07:47:00.687  INFO 22968 --- [main] org.apache.tiles.access.TilesAccess      : Removing TilesContext for context: org.springframework.web.servlet.view.tiles3.SpringWildcardServletTilesApplicationContext
2020-12-14 07:47:08.792  INFO 21144 --- [http-nio-8081-exec-1] o.a.c.c.C.[Tomcat].[localhost].[/]       : Initializing Spring DispatcherServlet 'dispatcherServlet'
2020-12-14 07:47:08.792  INFO 21144 --- [http-nio-8081-exec-1] o.s.web.servlet.DispatcherServlet        : Initializing Servlet 'dispatcherServlet'
2020-12-14 07:47:08.809  INFO 21144 --- [http-nio-8081-exec-1] o.s.web.servlet.DispatcherServlet        : Completed initialization in 16 ms
2020-12-14 07:47:10.390  WARN 21144 --- [http-nio-8081-exec-1] o.a.c.util.SessionIdGeneratorBase        : Creation of SecureRandom instance for session ID generation using [SHA1PRNG] took [580] milliseconds.
2020-12-14 08:33:27.334  INFO 21144 --- [RMI TCP Connection(4)-127.0.0.1] inMXBeanRegistrar$SpringApplicationAdmin : Application shutdown requested.
2020-12-14 08:33:27.345  INFO 21144 --- [RMI TCP Connection(4)-127.0.0.1] o.s.a.r.l.SimpleMessageListenerContainer : Waiting for workers to finish.
2020-12-14 08:33:28.295  INFO 21144 --- [RMI TCP Connection(4)-127.0.0.1] o.s.a.r.l.SimpleMessageListenerContainer : Successfully waited for workers to finish.
2020-12-14 08:33:28.330  INFO 21144 --- [RMI TCP Connection(4)-127.0.0.1] o.s.a.r.l.SimpleMessageListenerContainer : Shutdown ignored - container is not active already
2020-12-14 08:33:28.337  INFO 21144 --- [RMI TCP Connection(4)-127.0.0.1] o.s.s.concurrent.ThreadPoolTaskExecutor  : Shutting down ExecutorService 'applicationTaskExecutor'
2020-12-14 08:33:28.339  INFO 21144 --- [RMI TCP Connection(4)-127.0.0.1] org.apache.tiles.access.TilesAccess      : Removing TilesContext for context: org.springframework.web.servlet.view.tiles3.SpringWildcardServletTilesApplicationContext
